[30-Sep-2019 19:49:38 UTC] cookie on access to main shop : 41ef894026a8cd4da247105a6036db70
[30-Sep-2019 19:49:38 UTC] PHP Notice:  Undefined variable: shop_codes in /home/105881-80224.cloudwaysapps.com/ydpubmcuhg/public_html/wp-content/plugins/click/click.php on line 267
[30-Sep-2019 19:49:38 UTC] PHP Warning:  Invalid argument supplied for foreach() in /home/105881-80224.cloudwaysapps.com/ydpubmcuhg/public_html/wp-content/plugins/click/click.php on line 267
[30-Sep-2019 19:49:38 UTC] cookie on access to main shop : 41ef894026a8cd4da247105a6036db70
[30-Sep-2019 19:49:38 UTC] PHP Notice:  Undefined variable: shop_codes in /home/105881-80224.cloudwaysapps.com/ydpubmcuhg/public_html/wp-content/plugins/click/click.php on line 267
[30-Sep-2019 19:49:38 UTC] PHP Warning:  Invalid argument supplied for foreach() in /home/105881-80224.cloudwaysapps.com/ydpubmcuhg/public_html/wp-content/plugins/click/click.php on line 267
[30-Sep-2019 19:49:38 UTC] cookie on access to main shop : 41ef894026a8cd4da247105a6036db70
[30-Sep-2019 19:49:38 UTC] PHP Notice:  Undefined variable: shop_codes in /home/105881-80224.cloudwaysapps.com/ydpubmcuhg/public_html/wp-content/plugins/click/click.php on line 267
[30-Sep-2019 19:49:38 UTC] PHP Warning:  Invalid argument supplied for foreach() in /home/105881-80224.cloudwaysapps.com/ydpubmcuhg/public_html/wp-content/plugins/click/click.php on line 267
[30-Sep-2019 19:49:38 UTC] PHP Notice:  WC_Cart::get_cart_url is <strong>deprecated</strong> since version 2.5! Use wc_get_cart_url instead. in /home/105881-80224.cloudwaysapps.com/ydpubmcuhg/public_html/wp-includes/functions.php on line 3879
[30-Sep-2019 19:49:38 UTC] PHP Notice:  WC_Product::get_price_excluding_tax is <strong>deprecated</strong> since version 3.0! Use wc_get_price_excluding_tax instead. in /home/105881-80224.cloudwaysapps.com/ydpubmcuhg/public_html/wp-includes/functions.php on line 3879
[30-Sep-2019 19:49:38 UTC] PHP Notice:  WC_Cart::get_remove_url is <strong>deprecated</strong> since version 3.3! Use wc_get_cart_remove_url instead. in /home/105881-80224.cloudwaysapps.com/ydpubmcuhg/public_html/wp-includes/functions.php on line 3879
[30-Sep-2019 19:49:38 UTC] PHP Notice:  WC_Cart::get_cart_url is <strong>deprecated</strong> since version 2.5! Use wc_get_cart_url instead. in /home/105881-80224.cloudwaysapps.com/ydpubmcuhg/public_html/wp-includes/functions.php on line 3879
[30-Sep-2019 19:49:38 UTC] PHP Notice:  WC_Cart::get_checkout_url is <strong>deprecated</strong> since version 2.5! Use wc_get_checkout_url instead. in /home/105881-80224.cloudwaysapps.com/ydpubmcuhg/public_html/wp-includes/functions.php on line 3879
[30-Sep-2019 19:49:38 UTC] cookie on access to main shop : 41ef894026a8cd4da247105a6036db70
[30-Sep-2019 19:49:38 UTC] PHP Notice:  Undefined variable: shop_codes in /home/105881-80224.cloudwaysapps.com/ydpubmcuhg/public_html/wp-content/plugins/click/click.php on line 267
[30-Sep-2019 19:49:38 UTC] PHP Warning:  Invalid argument supplied for foreach() in /home/105881-80224.cloudwaysapps.com/ydpubmcuhg/public_html/wp-content/plugins/click/click.php on line 267
[30-Sep-2019 19:49:39 UTC] cookie on access to main shop : 41ef894026a8cd4da247105a6036db70
[30-Sep-2019 19:49:39 UTC] PHP Notice:  Undefined variable: shop_codes in /home/105881-80224.cloudwaysapps.com/ydpubmcuhg/public_html/wp-content/plugins/click/click.php on line 267
[30-Sep-2019 19:49:39 UTC] PHP Warning:  Invalid argument supplied for foreach() in /home/105881-80224.cloudwaysapps.com/ydpubmcuhg/public_html/wp-content/plugins/click/click.php on line 267
[30-Sep-2019 19:49:39 UTC] cookie on access to main shop : 41ef894026a8cd4da247105a6036db70
[30-Sep-2019 19:49:39 UTC] PHP Notice:  Undefined variable: shop_codes in /home/105881-80224.cloudwaysapps.com/ydpubmcuhg/public_html/wp-content/plugins/click/click.php on line 267
[30-Sep-2019 19:49:39 UTC] PHP Warning:  Invalid argument supplied for foreach() in /home/105881-80224.cloudwaysapps.com/ydpubmcuhg/public_html/wp-content/plugins/click/click.php on line 267
[30-Sep-2019 19:49:39 UTC] cookie on access to main shop : 41ef894026a8cd4da247105a6036db70
[30-Sep-2019 19:49:39 UTC] PHP Notice:  Undefined variable: shop_codes in /home/105881-80224.cloudwaysapps.com/ydpubmcuhg/public_html/wp-content/plugins/click/click.php on line 267
[30-Sep-2019 19:49:39 UTC] PHP Warning:  Invalid argument supplied for foreach() in /home/105881-80224.cloudwaysapps.com/ydpubmcuhg/public_html/wp-content/plugins/click/click.php on line 267
[30-Sep-2019 19:49:39 UTC] cookie on access to main shop : 41ef894026a8cd4da247105a6036db70
[30-Sep-2019 19:49:39 UTC] PHP Notice:  Undefined variable: shop_codes in /home/105881-80224.cloudwaysapps.com/ydpubmcuhg/public_html/wp-content/plugins/click/click.php on line 267
[30-Sep-2019 19:49:39 UTC] PHP Warning:  Invalid argument supplied for foreach() in /home/105881-80224.cloudwaysapps.com/ydpubmcuhg/public_html/wp-content/plugins/click/click.php on line 267
[30-Sep-2019 19:49:39 UTC] cookie on access to main shop : 41ef894026a8cd4da247105a6036db70
[30-Sep-2019 19:49:39 UTC] PHP Notice:  Undefined variable: shop_codes in /home/105881-80224.cloudwaysapps.com/ydpubmcuhg/public_html/wp-content/plugins/click/click.php on line 267
[30-Sep-2019 19:49:39 UTC] PHP Warning:  Invalid argument supplied for foreach() in /home/105881-80224.cloudwaysapps.com/ydpubmcuhg/public_html/wp-content/plugins/click/click.php on line 267
[30-Sep-2019 19:50:07 UTC] cookie on access to main shop : 41ef894026a8cd4da247105a6036db70
[30-Sep-2019 19:50:07 UTC] PHP Notice:  Undefined variable: shop_codes in /home/105881-80224.cloudwaysapps.com/ydpubmcuhg/public_html/wp-content/plugins/click/click.php on line 267
[30-Sep-2019 19:50:07 UTC] PHP Warning:  Invalid argument supplied for foreach() in /home/105881-80224.cloudwaysapps.com/ydpubmcuhg/public_html/wp-content/plugins/click/click.php on line 267
[30-Sep-2019 19:50:07 UTC] cookie on access to main shop : 41ef894026a8cd4da247105a6036db70
[30-Sep-2019 19:50:07 UTC] PHP Notice:  Undefined variable: shop_codes in /home/105881-80224.cloudwaysapps.com/ydpubmcuhg/public_html/wp-content/plugins/click/click.php on line 267
[30-Sep-2019 19:50:07 UTC] PHP Warning:  Invalid argument supplied for foreach() in /home/105881-80224.cloudwaysapps.com/ydpubmcuhg/public_html/wp-content/plugins/click/click.php on line 267
[30-Sep-2019 19:50:07 UTC] cookie on access to main shop : 41ef894026a8cd4da247105a6036db70
[30-Sep-2019 19:50:07 UTC] PHP Notice:  Undefined variable: shop_codes in /home/105881-80224.cloudwaysapps.com/ydpubmcuhg/public_html/wp-content/plugins/click/click.php on line 267
[30-Sep-2019 19:50:07 UTC] PHP Warning:  Invalid argument supplied for foreach() in /home/105881-80224.cloudwaysapps.com/ydpubmcuhg/public_html/wp-content/plugins/click/click.php on line 267
[30-Sep-2019 19:50:07 UTC] PHP Notice:  WC_Cart::get_cart_url is <strong>deprecated</strong> since version 2.5! Use wc_get_cart_url instead. in /home/105881-80224.cloudwaysapps.com/ydpubmcuhg/public_html/wp-includes/functions.php on line 3879
[30-Sep-2019 19:50:07 UTC] PHP Notice:  WC_Product::get_price_excluding_tax is <strong>deprecated</strong> since version 3.0! Use wc_get_price_excluding_tax instead. in /home/105881-80224.cloudwaysapps.com/ydpubmcuhg/public_html/wp-includes/functions.php on line 3879
[30-Sep-2019 19:50:07 UTC] PHP Notice:  WC_Cart::get_remove_url is <strong>deprecated</strong> since version 3.3! Use wc_get_cart_remove_url instead. in /home/105881-80224.cloudwaysapps.com/ydpubmcuhg/public_html/wp-includes/functions.php on line 3879
[30-Sep-2019 19:50:07 UTC] PHP Notice:  WC_Cart::get_cart_url is <strong>deprecated</strong> since version 2.5! Use wc_get_cart_url instead. in /home/105881-80224.cloudwaysapps.com/ydpubmcuhg/public_html/wp-includes/functions.php on line 3879
[30-Sep-2019 19:50:07 UTC] PHP Notice:  WC_Cart::get_checkout_url is <strong>deprecated</strong> since version 2.5! Use wc_get_checkout_url instead. in /home/105881-80224.cloudwaysapps.com/ydpubmcuhg/public_html/wp-includes/functions.php on line 3879
[30-Sep-2019 19:50:07 UTC] cookie on access to main shop : 41ef894026a8cd4da247105a6036db70
[30-Sep-2019 19:50:07 UTC] PHP Notice:  Undefined variable: shop_codes in /home/105881-80224.cloudwaysapps.com/ydpubmcuhg/public_html/wp-content/plugins/click/click.php on line 267
[30-Sep-2019 19:50:07 UTC] PHP Warning:  Invalid argument supplied for foreach() in /home/105881-80224.cloudwaysapps.com/ydpubmcuhg/public_html/wp-content/plugins/click/click.php on line 267
[30-Sep-2019 19:50:07 UTC] cookie on access to main shop : 41ef894026a8cd4da247105a6036db70
[30-Sep-2019 19:50:07 UTC] PHP Notice:  Undefined variable: shop_codes in /home/105881-80224.cloudwaysapps.com/ydpubmcuhg/public_html/wp-content/plugins/click/click.php on line 267
[30-Sep-2019 19:50:07 UTC] PHP Warning:  Invalid argument supplied for foreach() in /home/105881-80224.cloudwaysapps.com/ydpubmcuhg/public_html/wp-content/plugins/click/click.php on line 267
[30-Sep-2019 19:50:07 UTC] cookie on access to main shop : 41ef894026a8cd4da247105a6036db70
[30-Sep-2019 19:50:07 UTC] PHP Notice:  Undefined variable: shop_codes in /home/105881-80224.cloudwaysapps.com/ydpubmcuhg/public_html/wp-content/plugins/click/click.php on line 267
[30-Sep-2019 19:50:07 UTC] PHP Warning:  Invalid argument supplied for foreach() in /home/105881-80224.cloudwaysapps.com/ydpubmcuhg/public_html/wp-content/plugins/click/click.php on line 267
[30-Sep-2019 19:50:08 UTC] cookie on access to main shop : 41ef894026a8cd4da247105a6036db70
[30-Sep-2019 19:50:08 UTC] PHP Notice:  Undefined variable: shop_codes in /home/105881-80224.cloudwaysapps.com/ydpubmcuhg/public_html/wp-content/plugins/click/click.php on line 267
[30-Sep-2019 19:50:08 UTC] PHP Warning:  Invalid argument supplied for foreach() in /home/105881-80224.cloudwaysapps.com/ydpubmcuhg/public_html/wp-content/plugins/click/click.php on line 267
[30-Sep-2019 19:50:08 UTC] cookie on access to main shop : 41ef894026a8cd4da247105a6036db70
[30-Sep-2019 19:50:08 UTC] PHP Notice:  Undefined variable: shop_codes in /home/105881-80224.cloudwaysapps.com/ydpubmcuhg/public_html/wp-content/plugins/click/click.php on line 267
[30-Sep-2019 19:50:08 UTC] PHP Warning:  Invalid argument supplied for foreach() in /home/105881-80224.cloudwaysapps.com/ydpubmcuhg/public_html/wp-content/plugins/click/click.php on line 267
[30-Sep-2019 19:50:08 UTC] cookie on access to main shop : 41ef894026a8cd4da247105a6036db70
[30-Sep-2019 19:50:08 UTC] PHP Notice:  Undefined variable: shop_codes in /home/105881-80224.cloudwaysapps.com/ydpubmcuhg/public_html/wp-content/plugins/click/click.php on line 267
[30-Sep-2019 19:50:08 UTC] PHP Warning:  Invalid argument supplied for foreach() in /home/105881-80224.cloudwaysapps.com/ydpubmcuhg/public_html/wp-content/plugins/click/click.php on line 267
[30-Sep-2019 19:50:26 UTC] cookie on access to main shop : 41ef894026a8cd4da247105a6036db70
[30-Sep-2019 19:50:26 UTC] cookie on access to main shop : 41ef894026a8cd4da247105a6036db70
[30-Sep-2019 19:50:26 UTC] cookie on access to main shop : 41ef894026a8cd4da247105a6036db70
[30-Sep-2019 19:50:26 UTC] PHP Notice:  WC_Cart::get_cart_url is <strong>deprecated</strong> since version 2.5! Use wc_get_cart_url instead. in /home/105881-80224.cloudwaysapps.com/ydpubmcuhg/public_html/wp-includes/functions.php on line 3879
[30-Sep-2019 19:50:26 UTC] PHP Notice:  WC_Product::get_price_excluding_tax is <strong>deprecated</strong> since version 3.0! Use wc_get_price_excluding_tax instead. in /home/105881-80224.cloudwaysapps.com/ydpubmcuhg/public_html/wp-includes/functions.php on line 3879
[30-Sep-2019 19:50:26 UTC] PHP Notice:  WC_Cart::get_remove_url is <strong>deprecated</strong> since version 3.3! Use wc_get_cart_remove_url instead. in /home/105881-80224.cloudwaysapps.com/ydpubmcuhg/public_html/wp-includes/functions.php on line 3879
[30-Sep-2019 19:50:26 UTC] PHP Notice:  WC_Cart::get_cart_url is <strong>deprecated</strong> since version 2.5! Use wc_get_cart_url instead. in /home/105881-80224.cloudwaysapps.com/ydpubmcuhg/public_html/wp-includes/functions.php on line 3879
[30-Sep-2019 19:50:26 UTC] PHP Notice:  WC_Cart::get_checkout_url is <strong>deprecated</strong> since version 2.5! Use wc_get_checkout_url instead. in /home/105881-80224.cloudwaysapps.com/ydpubmcuhg/public_html/wp-includes/functions.php on line 3879
[30-Sep-2019 19:50:26 UTC] cookie on access to main shop : 41ef894026a8cd4da247105a6036db70
[30-Sep-2019 19:50:26 UTC] cookie on access to main shop : 41ef894026a8cd4da247105a6036db70
[30-Sep-2019 19:50:26 UTC] cookie on access to main shop : 41ef894026a8cd4da247105a6036db70
[30-Sep-2019 19:50:26 UTC] cookie on access to main shop : 41ef894026a8cd4da247105a6036db70
[30-Sep-2019 19:50:26 UTC] cookie on access to main shop : 41ef894026a8cd4da247105a6036db70
[30-Sep-2019 19:50:26 UTC] cookie on access to main shop : 41ef894026a8cd4da247105a6036db70
[30-Sep-2019 19:50:28 UTC] PHP Notice:  WC_Cart::get_cart_url is <strong>deprecated</strong> since version 2.5! Use wc_get_cart_url instead. in /home/105881-80224.cloudwaysapps.com/ydpubmcuhg/public_html/wp-includes/functions.php on line 3879
[30-Sep-2019 19:50:28 UTC] PHP Notice:  WC_Product::get_price_excluding_tax is <strong>deprecated</strong> since version 3.0! Use wc_get_price_excluding_tax instead. in /home/105881-80224.cloudwaysapps.com/ydpubmcuhg/public_html/wp-includes/functions.php on line 3879
[30-Sep-2019 19:50:28 UTC] PHP Notice:  WC_Cart::get_remove_url is <strong>deprecated</strong> since version 3.3! Use wc_get_cart_remove_url instead. in /home/105881-80224.cloudwaysapps.com/ydpubmcuhg/public_html/wp-includes/functions.php on line 3879
[30-Sep-2019 19:50:28 UTC] PHP Notice:  WC_Cart::get_cart_url is <strong>deprecated</strong> since version 2.5! Use wc_get_cart_url instead. in /home/105881-80224.cloudwaysapps.com/ydpubmcuhg/public_html/wp-includes/functions.php on line 3879
[30-Sep-2019 19:50:28 UTC] PHP Notice:  WC_Cart::get_checkout_url is <strong>deprecated</strong> since version 2.5! Use wc_get_checkout_url instead. in /home/105881-80224.cloudwaysapps.com/ydpubmcuhg/public_html/wp-includes/functions.php on line 3879
[30-Sep-2019 19:53:36 UTC] PHP Notice:  WC_Cart::get_cart_url is <strong>deprecated</strong> since version 2.5! Use wc_get_cart_url instead. in /home/105881-80224.cloudwaysapps.com/ydpubmcuhg/public_html/wp-includes/functions.php on line 3879
[30-Sep-2019 19:53:36 UTC] PHP Notice:  WC_Product::get_price_excluding_tax is <strong>deprecated</strong> since version 3.0! Use wc_get_price_excluding_tax instead. in /home/105881-80224.cloudwaysapps.com/ydpubmcuhg/public_html/wp-includes/functions.php on line 3879
[30-Sep-2019 19:53:36 UTC] PHP Notice:  WC_Cart::get_remove_url is <strong>deprecated</strong> since version 3.3! Use wc_get_cart_remove_url instead. in /home/105881-80224.cloudwaysapps.com/ydpubmcuhg/public_html/wp-includes/functions.php on line 3879
[30-Sep-2019 19:53:36 UTC] PHP Notice:  WC_Cart::get_cart_url is <strong>deprecated</strong> since version 2.5! Use wc_get_cart_url instead. in /home/105881-80224.cloudwaysapps.com/ydpubmcuhg/public_html/wp-includes/functions.php on line 3879
[30-Sep-2019 19:53:36 UTC] PHP Notice:  WC_Cart::get_checkout_url is <strong>deprecated</strong> since version 2.5! Use wc_get_checkout_url instead. in /home/105881-80224.cloudwaysapps.com/ydpubmcuhg/public_html/wp-includes/functions.php on line 3879
[30-Sep-2019 19:53:36 UTC] PHP Notice:  WC_Cart::get_item_data is <strong>deprecated</strong> since version 3.3! Use wc_get_formatted_cart_item_data instead. in /home/105881-80224.cloudwaysapps.com/ydpubmcuhg/public_html/wp-includes/functions.php on line 3879
[30-Sep-2019 19:53:36 UTC] PHP Notice:  WC_Cart::get_remove_url is <strong>deprecated</strong> since version 3.3! Use wc_get_cart_remove_url instead. in /home/105881-80224.cloudwaysapps.com/ydpubmcuhg/public_html/wp-includes/functions.php on line 3879
[30-Sep-2019 19:53:56 UTC] PHP Notice:  WC_Cart::get_cart_url is <strong>deprecated</strong> since version 2.5! Use wc_get_cart_url instead. in /home/105881-80224.cloudwaysapps.com/ydpubmcuhg/public_html/wp-includes/functions.php on line 3879
[30-Sep-2019 19:53:56 UTC] PHP Notice:  WC_Product::get_price_excluding_tax is <strong>deprecated</strong> since version 3.0! Use wc_get_price_excluding_tax instead. in /home/105881-80224.cloudwaysapps.com/ydpubmcuhg/public_html/wp-includes/functions.php on line 3879
[30-Sep-2019 19:53:56 UTC] PHP Notice:  WC_Cart::get_remove_url is <strong>deprecated</strong> since version 3.3! Use wc_get_cart_remove_url instead. in /home/105881-80224.cloudwaysapps.com/ydpubmcuhg/public_html/wp-includes/functions.php on line 3879
[30-Sep-2019 19:53:56 UTC] PHP Notice:  WC_Cart::get_cart_url is <strong>deprecated</strong> since version 2.5! Use wc_get_cart_url instead. in /home/105881-80224.cloudwaysapps.com/ydpubmcuhg/public_html/wp-includes/functions.php on line 3879
[30-Sep-2019 19:53:56 UTC] PHP Notice:  WC_Cart::get_checkout_url is <strong>deprecated</strong> since version 2.5! Use wc_get_checkout_url instead. in /home/105881-80224.cloudwaysapps.com/ydpubmcuhg/public_html/wp-includes/functions.php on line 3879
[30-Sep-2019 19:53:56 UTC] PHP Notice:  Use of undefined constant DAYS_IN_SECONDS - assumed 'DAYS_IN_SECONDS' in /home/105881-80224.cloudwaysapps.com/ydpubmcuhg/public_html/wp-content/plugins/click/click.php on line 328
[30-Sep-2019 19:53:56 UTC] 
[30-Sep-2019 19:55:45 UTC] PHP Parse error:  syntax error, unexpected 'else' (T_ELSE) in /home/105881-80224.cloudwaysapps.com/ydpubmcuhg/public_html/wp-content/plugins/click/click.php on line 302
[30-Sep-2019 19:56:11 UTC] PHP Parse error:  syntax error, unexpected 'else' (T_ELSE) in /home/105881-80224.cloudwaysapps.com/ydpubmcuhg/public_html/wp-content/plugins/click/click.php on line 302
[30-Sep-2019 19:56:57 UTC] PHP Parse error:  syntax error, unexpected 'else' (T_ELSE) in /home/105881-80224.cloudwaysapps.com/ydpubmcuhg/public_html/wp-content/plugins/click/click.php on line 302
[30-Sep-2019 19:57:06 UTC] PHP Notice:  WC_Cart::get_cart_url is <strong>deprecated</strong> since version 2.5! Use wc_get_cart_url instead. in /home/105881-80224.cloudwaysapps.com/ydpubmcuhg/public_html/wp-includes/functions.php on line 3879
[30-Sep-2019 19:57:06 UTC] PHP Notice:  WC_Product::get_price_excluding_tax is <strong>deprecated</strong> since version 3.0! Use wc_get_price_excluding_tax instead. in /home/105881-80224.cloudwaysapps.com/ydpubmcuhg/public_html/wp-includes/functions.php on line 3879
[30-Sep-2019 19:57:06 UTC] PHP Notice:  WC_Cart::get_remove_url is <strong>deprecated</strong> since version 3.3! Use wc_get_cart_remove_url instead. in /home/105881-80224.cloudwaysapps.com/ydpubmcuhg/public_html/wp-includes/functions.php on line 3879
[30-Sep-2019 19:57:06 UTC] PHP Notice:  WC_Cart::get_cart_url is <strong>deprecated</strong> since version 2.5! Use wc_get_cart_url instead. in /home/105881-80224.cloudwaysapps.com/ydpubmcuhg/public_html/wp-includes/functions.php on line 3879
[30-Sep-2019 19:57:06 UTC] PHP Notice:  WC_Cart::get_checkout_url is <strong>deprecated</strong> since version 2.5! Use wc_get_checkout_url instead. in /home/105881-80224.cloudwaysapps.com/ydpubmcuhg/public_html/wp-includes/functions.php on line 3879
[30-Sep-2019 19:57:06 UTC] checking if ther is a student product in cart
[30-Sep-2019 19:57:06 UTC] PHP Notice:  Use of undefined constant DAYS_IN_SECONDS - assumed 'DAYS_IN_SECONDS' in /home/105881-80224.cloudwaysapps.com/ydpubmcuhg/public_html/wp-content/plugins/click/click.php on line 321
[30-Sep-2019 19:57:06 UTC] 
